<?xml version="1.0" encoding="UTF-8"?>
<!-- Generated by org.testng.reporters.JUnitReportReporter -->
<testsuite hostname="DESKTOP-48ME6A4" failures="0" tests="3" name="testNG.AccountTest" time="0.018" errors="0" timestamp="13 Aug 2022 15:19:35 GMT" skipped="0">
  <testcase classname="testNG.AccountTest" name="SavingAccountTest2" time="0.011"/>
  <testcase classname="testNG.AccountTest" name="SavingAccountTest1" time="0.004"/>
  <testcase classname="testNG.AccountTest" name="CheckingAccountTest1" time="0.003"/>
</testsuite> <!-- testNG.AccountTest -->
