<?xml version="1.0" encoding="UTF-8"?>
<!-- Generated by org.testng.reporters.JUnitReportReporter -->
<testsuite hostname="DESKTOP-48ME6A4" failures="0" tests="1" name="testNG.LoanTest" time="0.016" errors="0" timestamp="13 Aug 2022 15:12:23 GMT" skipped="0">
  <testcase classname="testNG.LoanTest" name="PersonalLoanTest1" time="0.016"/>
</testsuite> <!-- testNG.LoanTest -->
