<?xml version="1.0" encoding="UTF-8"?>
<!-- Generated by org.testng.reporters.JUnitReportReporter -->
<testsuite hostname="DESKTOP-48ME6A4" failures="0" tests="2" name="wdTestNG.SimplilearnLoginTest" time="45.083" errors="0" timestamp="13 Aug 2022 17:05:15 GMT" skipped="0">
  <testcase classname="wdTestNG.SimplilearnLoginTest" name="PositiveTest" time="22.664"/>
  <testcase classname="wdTestNG.SimplilearnLoginTest" name="NegativeTest" time="22.419"/>
</testsuite> <!-- wdTestNG.SimplilearnLoginTest -->
