<?xml version="1.0" encoding="UTF-8"?>
<!-- Generated by org.testng.reporters.JUnitReportReporter -->
<testsuite hostname="DESKTOP-48ME6A4" failures="0" tests="1" name="wdTestNG.HomePageTest" time="16.941" errors="0" timestamp="13 Aug 2022 17:05:15 GMT" skipped="0">
  <testcase classname="wdTestNG.HomePageTest" name="Test1" time="16.941"/>
</testsuite> <!-- wdTestNG.HomePageTest -->
