<?xml version="1.0" encoding="UTF-8"?>
<!-- Generated by org.testng.reporters.JUnitReportReporter -->
<testsuite hostname="DESKTOP-48ME6A4" failures="0" tests="2" name="wdTestNG.SimplilearnLoginTest" time="33.916" errors="0" timestamp="14 Aug 2022 14:32:46 GMT" skipped="0">
  <testcase classname="wdTestNG.SimplilearnLoginTest" name="PositiveTest" time="15.509"/>
  <testcase classname="wdTestNG.SimplilearnLoginTest" name="NegativeTest" time="18.407"/>
</testsuite> <!-- wdTestNG.SimplilearnLoginTest -->
