<?xml version="1.0" encoding="UTF-8"?>
<!-- Generated by org.testng.reporters.JUnitReportReporter -->
<testsuite hostname="DESKTOP-48ME6A4" failures="0" tests="1" name="wdTestNG.HomePageTest" time="14.624" errors="0" timestamp="14 Aug 2022 14:32:46 GMT" skipped="0">
  <testcase classname="wdTestNG.HomePageTest" name="Test1" time="14.624"/>
</testsuite> <!-- wdTestNG.HomePageTest -->
